<?xml version="1.0" encoding="UTF-8"?>
<!-- Generated by org.testng.reporters.JUnitReportReporter -->
<testsuite skipped="0" hostname="LAPTOP-CL7U3OFA" name="testng.Invocationcount" tests="10" failures="0" timestamp="04 Apr 2020 22:33:02 GMT" time="0.014" errors="0">
  <testcase name="sum" time="0.001" classname="testng.Invocationcount"/>
  <testcase name="sum" time="0.001" classname="testng.Invocationcount"/>
  <testcase name="sum" time="0.001" classname="testng.Invocationcount"/>
  <testcase name="sum" time="0.001" classname="testng.Invocationcount"/>
  <testcase name="sum" time="0.002" classname="testng.Invocationcount"/>
  <testcase name="sum" time="0.001" classname="testng.Invocationcount"/>
  <testcase name="sum" time="0.001" classname="testng.Invocationcount"/>
  <testcase name="sum" time="0.001" classname="testng.Invocationcount"/>
  <testcase name="sum" time="0.001" classname="testng.Invocationcount"/>
  <testcase name="sum" time="0.004" classname="testng.Invocationcount"/>
</testsuite> <!-- testng.Invocationcount -->
