<?xml version="1.0" encoding="UTF-8"?>
<!-- Generated by org.testng.reporters.JUnitReportReporter -->
<testsuite skipped="0" hostname="LAPTOP-CL7U3OFA" name="parameters.ParameterPassing" tests="1" failures="0" timestamp="04 Apr 2020 23:27:06 GMT" time="12.043" errors="0">
  <testcase name="setUp" time="12.043" classname="parameters.ParameterPassing"/>
</testsuite> <!-- parameters.ParameterPassing -->
