<?xml version="1.0" encoding="UTF-8"?>
<!-- Generated by org.testng.reporters.JUnitReportReporter -->
<testsuite skipped="0" hostname="LAPTOP-CL7U3OFA" name="testng.ExceptionTimeout" tests="1" failures="0" timestamp="04 Apr 2020 22:38:03 GMT" time="0.008" errors="0">
  <testcase name="testcase1" time="0.008" classname="testng.ExceptionTimeout"/>
</testsuite> <!-- testng.ExceptionTimeout -->
