<?xml version="1.0" encoding="UTF-8"?>
<!-- Generated by org.testng.reporters.JUnitReportReporter -->
<testsuite skipped="0" hostname="LAPTOP-CL7U3OFA" name="testng.TestNG" tests="2" failures="0" timestamp="04 Apr 2020 22:33:02 GMT" time="0.001" errors="0">
  <testcase name="search" time="0.000" classname="testng.TestNG"/>
  <testcase name="googletitletest" time="0.001" classname="testng.TestNG"/>
</testsuite> <!-- testng.TestNG -->
